[25-Aug-2024 14:09:34 UTC] PHP Warning:  include(/home/sappxaph/fastnet.sapphirehillsint.com/vendor/composer/../../app/Console/Kernel.php): Failed to open stream: No such file or directory in /home/sappxaph/fastnet.sapphirehillsint.com/vendor/composer/ClassLoader.php on line 578
[25-Aug-2024 14:09:34 UTC] PHP Warning:  include(): Failed opening '/home/sappxaph/fastnet.sapphirehillsint.com/vendor/composer/../../app/Console/Kernel.php' for inclusion (include_path='.:/opt/alt/php81/usr/share/pear:/opt/alt/php81/usr/share/php:/usr/share/pear:/usr/share/php') in /home/sappxaph/fastnet.sapphirehillsint.com/vendor/composer/ClassLoader.php on line 578
[25-Aug-2024 14:09:34 UTC] PHP Fatal error:  Uncaught ReflectionException: Class "App\Console\Kernel" does not exist in /home/sappxaph/fastnet.sapphirehillsint.com/vendor/laravel/framework/src/Illuminate/Container/Container.php:912
Stack trace:
#0 /home/sappxaph/fastnet.sapphirehillsint.com/vendor/laravel/framework/src/Illuminate/Container/Container.php(912): ReflectionClass->__construct()
#1 /home/sappxaph/fastnet.sapphirehillsint.com/vendor/laravel/framework/src/Illuminate/Container/Container.php(795): Illuminate\Container\Container->build()
#2 /home/sappxaph/fastnet.sapphirehillsint.com/vendor/laravel/framework/src/Illuminate/Foundation/Application.php(957): Illuminate\Container\Container->resolve()
#3 /home/sappxaph/fastnet.sapphirehillsint.com/vendor/laravel/framework/src/Illuminate/Container/Container.php(297): Illuminate\Foundation\Application->resolve()
#4 /home/sappxaph/fastnet.sapphirehillsint.com/vendor/laravel/framework/src/Illuminate/Container/Container.php(908): Illuminate\Container\Container->Illuminate\Container\{closure}()
#5 /home/sappxaph/fastnet.sapphirehillsint.com/vendor/laravel/framework/src/Illuminate/Container/Container.php(795): Illuminate\Container\Container->build()
#6 /home/sappxaph/fastnet.sapphirehillsint.com/vendor/laravel/framework/src/Illuminate/Foundation/Application.php(957): Illuminate\Container\Container->resolve()
#7 /home/sappxaph/fastnet.sapphirehillsint.com/vendor/laravel/framework/src/Illuminate/Container/Container.php(731): Illuminate\Foundation\Application->resolve()
#8 /home/sappxaph/fastnet.sapphirehillsint.com/vendor/laravel/framework/src/Illuminate/Foundation/Application.php(942): Illuminate\Container\Container->make()
#9 /home/sappxaph/fastnet.sapphirehillsint.com/artisan(33): Illuminate\Foundation\Application->make()
#10 {main}

Next Illuminate\Contracts\Container\BindingResolutionException: Target class [App\Console\Kernel] does not exist. in /home/sappxaph/fastnet.sapphirehillsint.com/vendor/laravel/framework/src/Illuminate/Container/Container.php:914
Stack trace:
#0 /home/sappxaph/fastnet.sapphirehillsint.com/vendor/laravel/framework/src/Illuminate/Container/Container.php(795): Illuminate\Container\Container->build()
#1 /home/sappxaph/fastnet.sapphirehillsint.com/vendor/laravel/framework/src/Illuminate/Foundation/Application.php(957): Illuminate\Container\Container->resolve()
#2 /home/sappxaph/fastnet.sapphirehillsint.com/vendor/laravel/framework/src/Illuminate/Container/Container.php(297): Illuminate\Foundation\Application->resolve()
#3 /home/sappxaph/fastnet.sapphirehillsint.com/vendor/laravel/framework/src/Illuminate/Container/Container.php(908): Illuminate\Container\Container->Illuminate\Container\{closure}()
#4 /home/sappxaph/fastnet.sapphirehillsint.com/vendor/laravel/framework/src/Illuminate/Container/Container.php(795): Illuminate\Container\Container->build()
#5 /home/sappxaph/fastnet.sapphirehillsint.com/vendor/laravel/framework/src/Illuminate/Foundation/Application.php(957): Illuminate\Container\Container->resolve()
#6 /home/sappxaph/fastnet.sapphirehillsint.com/vendor/laravel/framework/src/Illuminate/Container/Container.php(731): Illuminate\Foundation\Application->resolve()
#7 /home/sappxaph/fastnet.sapphirehillsint.com/vendor/laravel/framework/src/Illuminate/Foundation/Application.php(942): Illuminate\Container\Container->make()
#8 /home/sappxaph/fastnet.sapphirehillsint.com/artisan(33): Illuminate\Foundation\Application->make()
#9 {main}
  thrown in /home/sappxaph/fastnet.sapphirehillsint.com/vendor/laravel/framework/src/Illuminate/Container/Container.php on line 914
